  Core_01.cpp
D:\Рабочий стол\Учёба 2022\ООП\Практика\Lab_02\Lab_02\Core_01.cpp(36,1): warning C4326: возвращаемый тип "main" должен быть "int", а не "void"
D:\Рабочий стол\Учёба 2022\ООП\Практика\Lab_02\Lab_02\Core_01.cpp(76,11): warning C4244: инициализация: преобразование "T" в "float", возможна потеря данных
          with
          [
              T=double
          ]
D:\Рабочий стол\Учёба 2022\ООП\Практика\Lab_02\Lab_02\Core_01.cpp(79,11): warning C4244: инициализация: преобразование "T" в "float", возможна потеря данных
          with
          [
              T=int
          ]
D:\Рабочий стол\Учёба 2022\ООП\Практика\Lab_02\Lab_02\Core_01.cpp(27,8): warning C4804: /: небезопасное использование типа "bool" в операции
D:\Рабочий стол\Учёба 2022\ООП\Практика\Lab_02\Lab_02\Core_01.cpp(62): message : выполняется компиляция ссылки на экземпляр шаблон функции "T &SolutionEquation<bool>(T,T,T,T)"
          with
          [
              T=bool
          ]
  MassTwo.cpp
  Создание кода...
D:\Рабочий стол\Учёба 2022\ООП\Практика\Lab_02\Lab_02\MassTwo.cpp(24): warning C4172: возвращение адреса локальной или временной переменной : c
D:\Рабочий стол\Учёба 2022\ООП\Практика\Lab_02\Lab_02\MassTwo.cpp(47): warning C4172: возвращение адреса локальной или временной переменной : c
D:\Рабочий стол\Учёба 2022\ООП\Практика\Lab_02\Lab_02\MassTwo.cpp(34): warning C4172: возвращение адреса локальной или временной переменной : c
D:\Рабочий стол\Учёба 2022\ООП\Практика\Lab_02\Lab_02\MassTwo.cpp(14): warning C4172: возвращение адреса локальной или временной переменной : c
D:\Рабочий стол\Учёба 2022\ООП\Практика\Lab_02\Lab_02\Core_01.cpp(16): warning C4172: возвращение адреса локальной или временной переменной : a
D:\Рабочий стол\Учёба 2022\ООП\Практика\Lab_02\Lab_02\Core_01.cpp(28): warning C4172: возвращение адреса локальной или временной переменной : x3
D:\Рабочий стол\Учёба 2022\ООП\Практика\Lab_02\Lab_02\Core_01.cpp(16): warning C4172: возвращение адреса локальной или временной переменной : a
D:\Рабочий стол\Учёба 2022\ООП\Практика\Lab_02\Lab_02\Core_01.cpp(28): warning C4172: возвращение адреса локальной или временной переменной : x3
D:\Рабочий стол\Учёба 2022\ООП\Практика\Lab_02\Lab_02\Core_01.cpp(16): warning C4172: возвращение адреса локальной или временной переменной : a
D:\Рабочий стол\Учёба 2022\ООП\Практика\Lab_02\Lab_02\Core_01.cpp(28): warning C4172: возвращение адреса локальной или временной переменной : x3
D:\Рабочий стол\Учёба 2022\ООП\Практика\Lab_02\Lab_02\Core_01.cpp(16): warning C4172: возвращение адреса локальной или временной переменной : a
D:\Рабочий стол\Учёба 2022\ООП\Практика\Lab_02\Lab_02\Core_01.cpp(28): warning C4172: возвращение адреса локальной или временной переменной : x3
D:\Рабочий стол\Учёба 2022\ООП\Практика\Lab_02\Lab_02\Core_01.cpp(16): warning C4172: возвращение адреса локальной или временной переменной : a
D:\Рабочий стол\Учёба 2022\ООП\Практика\Lab_02\Lab_02\Core_01.cpp(28): warning C4172: возвращение адреса локальной или временной переменной : x3
  Lab_02.vcxproj -> D:\Рабочий стол\Учёба 2022\ООП\Практика\Lab_02\x64\Debug\Lab_02.exe
