  Core_01.cpp
D:\Рабочий стол\Учёба 2022\ООП\Практика\Lab_02\Lab_02\Core_01.cpp(17,1): warning C4326: возвращаемый тип "main" должен быть "int", а не "void"
D:\Рабочий стол\Учёба 2022\ООП\Практика\Lab_02\Lab_02\Core_01.cpp(56,11): warning C4244: инициализация: преобразование "T" в "float", возможна потеря данных
          with
          [
              T=double
          ]
D:\Рабочий стол\Учёба 2022\ООП\Практика\Lab_02\Lab_02\Core_01.cpp(59,11): warning C4244: инициализация: преобразование "T" в "float", возможна потеря данных
          with
          [
              T=int
          ]
D:\Рабочий стол\Учёба 2022\ООП\Практика\Lab_02\Lab_02\Core_01.cpp(12,13): warning C4804: /: небезопасное использование типа "bool" в операции
D:\Рабочий стол\Учёба 2022\ООП\Практика\Lab_02\Lab_02\Core_01.cpp(45): message : выполняется компиляция ссылки на экземпляр шаблон функции "T SolutionEquation<bool>(T,T,T,T)"
          with
          [
              T=bool
          ]
D:\Рабочий стол\Учёба 2022\ООП\Практика\Lab_02\Lab_02\Core_01.cpp(12,1): error C2296: *: недопустимо, левый операнд имеет тип "T"
          with
          [
              T=const char *
          ]
D:\Рабочий стол\Учёба 2022\ООП\Практика\Lab_02\Lab_02\Core_01.cpp(64): message : выполняется компиляция ссылки на экземпляр шаблон функции "T *SolutionEquation<const char*>(T,T,T,T)"
          with
          [
              T=const char *
          ]
D:\Рабочий стол\Учёба 2022\ООП\Практика\Lab_02\Lab_02\Core_01.cpp(12,1): error C2297: *: недопустимо, правый оператор имеет тип "T"
          with
          [
              T=const char *
          ]
